**************
*** PID  9397: mkpmap -apo PoolGlassWall -apo Pool_GlassDoor -apo Room_Glazing -fo+ -t 0 -e logfiles/unnamed_scene.log -apg global.pmap 200k -apc caustic.pmap 200k octrees/unnamed_scene.oct

warning - non-planar vertex for polygon "f_20852_0"
warning - non-planar vertex for polygon "f_17830_0"
warning - non-planar vertex for polygon "f_21550_0"
warning - non-planar vertex for polygon "f_21546_0"
warning - non-planar vertex for polygon "f_21502_0"
warning - non-planar vertex for polygon "f_21374_0"
warning - non-planar vertex for polygon "f_19660_0"
warning - non-planar vertex for polygon "f_18885_0"
warning - non-planar vertex for polygon "f_21449_0"
fatal - cannot hit source center for polygon "f_26760_0"
**************
*** PID  9840: mkpmap -fo+ -t 0 -e logfiles/unnamed_scene.log -apg global.pmap 200k -apc caustic.pmap 200k octrees/unnamed_scene.oct

warning - non-planar vertex for polygon "f_20852_0"
warning - non-planar vertex for polygon "f_17830_0"
warning - non-planar vertex for polygon "f_21550_0"
warning - non-planar vertex for polygon "f_21546_0"
warning - non-planar vertex for polygon "f_21502_0"
warning - non-planar vertex for polygon "f_21374_0"
warning - non-planar vertex for polygon "f_19660_0"
warning - non-planar vertex for polygon "f_18885_0"
warning - non-planar vertex for polygon "f_21449_0"
warning - non-planar vertex for polygon "f_17917_0"
warning - non-planar vertex for polygon "f_21263_0"
warning - non-planar vertex for polygon "f_21420_0"
warning - non-planar vertex for polygon "f_18508_0"
warning - non-planar vertex for polygon "f_17919_0"
warning - non-planar vertex for polygon "f_17909_0"
warning - non-planar vertex for polygon "f_20484_0"
warning - non-planar vertex for polygon "f_18974_0"
warning - non-planar vertex for polygon "f_20790_0"
warning - non-planar vertex for polygon "f_20402_0"
warning - non-planar vertex for polygon "f_23026_0"
warning - non-planar vertex for polygon "f_23025_0"
warning - non-planar vertex for polygon "f_22265_0"
warning - non-planar vertex for polygon "f_20118_0"
warning - non-planar vertex for polygon "f_22982_0"
warning - non-planar vertex for polygon "f_22981_0"
warning - non-planar vertex for polygon "f_20711_0"
warning - non-planar vertex for polygon "f_23551_0"
warning - non-planar vertex for polygon "f_21601_0"
warning - non-planar vertex for polygon "f_19467_0"
warning - non-planar vertex for polygon "f_21517_0"
warning - non-planar vertex for polygon "f_21474_0"
warning - non-planar vertex for polygon "f_21513_0"
warning - non-planar vertex for polygon "f_20852_0"
warning - non-planar vertex for polygon "f_17830_0"
warning - non-planar vertex for polygon "f_21550_0"
warning - non-planar vertex for polygon "f_21546_0"
warning - non-planar vertex for polygon "f_21502_0"
warning - non-planar vertex for polygon "f_21374_0"
warning - non-planar vertex for polygon "f_19660_0"
warning - non-planar vertex for polygon "f_18885_0"
warning - non-planar vertex for polygon "f_21449_0"
